# Logfile created on Sat Nov 15 13:23:59 -0600 2008 by /
  [4;36;1mSQL (0.001169)[0m   [0;1mselect sqlite_version(*)[0m
  [4;35;1mSQL (0.001254)[0m   [0m SELECT name
 FROM sqlite_master
 WHERE type = 'table' AND NOT name = 'sqlite_sequence'
[0m
  [4;36;1mSQL (0.000910)[0m   [0;1mCREATE TABLE "lhurgoyfs" ("id" INTEGER PRIMARY KEY AUTOINCREMENT NOT NULL, "name" varchar(255), "description" varchar(255), "power" integer, "toughness" integer, "created_at" datetime, "updated_at" datetime) [0m
  [4;36;1mSQL (0.001101)[0m   [0;1mselect sqlite_version(*)[0m
  [4;35;1mSQL (0.000609)[0m   [0m SELECT name
 FROM sqlite_master
 WHERE type = 'table' AND NOT name = 'sqlite_sequence'
[0m
  [4;36;1mSQL (0.000907)[0m   [0;1mCREATE TABLE "lhurgoyfs" ("id" INTEGER PRIMARY KEY AUTOINCREMENT NOT NULL, "name" varchar(255), "description" varchar(255), "power" integer, "toughness" integer, "created_at" datetime, "updated_at" datetime) [0m
  [4;36;1mSQL (0.001492)[0m   [0;1mselect sqlite_version(*)[0m
  [4;35;1mSQL (0.000624)[0m   [0m SELECT name
 FROM sqlite_master
 WHERE type = 'table' AND NOT name = 'sqlite_sequence'
[0m
  [4;36;1mSQL (0.000809)[0m   [0;1mCREATE TABLE "lhurgoyfs" ("id" INTEGER PRIMARY KEY AUTOINCREMENT NOT NULL, "name" varchar(255), "description" varchar(255), "power" integer, "toughness" integer, "created_at" datetime, "updated_at" datetime) [0m
  [4;36;1mSQL (0.001870)[0m   [0;1mselect sqlite_version(*)[0m
  [4;35;1mSQL (0.001043)[0m   [0m SELECT name
 FROM sqlite_master
 WHERE type = 'table' AND NOT name = 'sqlite_sequence'
[0m
  [4;36;1mSQL (0.001126)[0m   [0;1mCREATE TABLE "lhurgoyfs" ("id" INTEGER PRIMARY KEY AUTOINCREMENT NOT NULL, "name" varchar(255), "description" varchar(255), "power" integer, "toughness" integer, "created_at" datetime, "updated_at" datetime) [0m
  [4;36;1mSQL (0.001031)[0m   [0;1mselect sqlite_version(*)[0m
  [4;35;1mSQL (0.000561)[0m   [0m SELECT name
 FROM sqlite_master
 WHERE type = 'table' AND NOT name = 'sqlite_sequence'
[0m
  [4;36;1mSQL (0.000833)[0m   [0;1mCREATE TABLE "lhurgoyfs" ("id" INTEGER PRIMARY KEY AUTOINCREMENT NOT NULL, "name" varchar(255), "description" varchar(255), "power" integer, "toughness" integer, "created_at" datetime, "updated_at" datetime) [0m
  [4;36;1mSQL (0.001044)[0m   [0;1mselect sqlite_version(*)[0m
  [4;35;1mSQL (0.000566)[0m   [0m SELECT name
 FROM sqlite_master
 WHERE type = 'table' AND NOT name = 'sqlite_sequence'
[0m
  [4;36;1mSQL (0.000815)[0m   [0;1mCREATE TABLE "lhurgoyfs" ("id" INTEGER PRIMARY KEY AUTOINCREMENT NOT NULL, "name" varchar(255), "description" varchar(255), "power" integer, "toughness" integer, "created_at" datetime, "updated_at" datetime) [0m
  [4;36;1mSQL (0.001045)[0m   [0;1mselect sqlite_version(*)[0m
  [4;35;1mSQL (0.000558)[0m   [0m SELECT name
 FROM sqlite_master
 WHERE type = 'table' AND NOT name = 'sqlite_sequence'
[0m
  [4;36;1mSQL (0.000785)[0m   [0;1mCREATE TABLE "lhurgoyfs" ("id" INTEGER PRIMARY KEY AUTOINCREMENT NOT NULL, "name" varchar(255), "description" varchar(255), "power" integer, "toughness" integer, "created_at" datetime, "updated_at" datetime) [0m
  [4;36;1mSQL (0.001076)[0m   [0;1mselect sqlite_version(*)[0m
  [4;35;1mSQL (0.000563)[0m   [0m SELECT name
 FROM sqlite_master
 WHERE type = 'table' AND NOT name = 'sqlite_sequence'
[0m
  [4;36;1mSQL (0.000787)[0m   [0;1mCREATE TABLE "lhurgoyfs" ("id" INTEGER PRIMARY KEY AUTOINCREMENT NOT NULL, "name" varchar(255), "description" varchar(255), "power" integer, "toughness" integer, "created_at" datetime, "updated_at" datetime) [0m
  [4;36;1mSQL (0.001032)[0m   [0;1mselect sqlite_version(*)[0m
  [4;35;1mSQL (0.000565)[0m   [0m SELECT name
 FROM sqlite_master
 WHERE type = 'table' AND NOT name = 'sqlite_sequence'
[0m
  [4;36;1mSQL (0.000787)[0m   [0;1mCREATE TABLE "lhurgoyfs" ("id" INTEGER PRIMARY KEY AUTOINCREMENT NOT NULL, "name" varchar(255), "description" varchar(255), "power" integer, "toughness" integer, "created_at" datetime, "updated_at" datetime) [0m
  [4;36;1mSQL (0.001093)[0m   [0;1mselect sqlite_version(*)[0m
  [4;35;1mSQL (0.000565)[0m   [0m SELECT name
 FROM sqlite_master
 WHERE type = 'table' AND NOT name = 'sqlite_sequence'
[0m
  [4;36;1mSQL (0.000789)[0m   [0;1mCREATE TABLE "lhurgoyfs" ("id" INTEGER PRIMARY KEY AUTOINCREMENT NOT NULL, "name" varchar(255), "description" varchar(255), "power" integer, "toughness" integer, "created_at" datetime, "updated_at" datetime) [0m
  [4;36;1mSQL (0.001022)[0m   [0;1mselect sqlite_version(*)[0m
  [4;35;1mSQL (0.000559)[0m   [0m SELECT name
 FROM sqlite_master
 WHERE type = 'table' AND NOT name = 'sqlite_sequence'
[0m
  [4;36;1mSQL (0.000787)[0m   [0;1mCREATE TABLE "lhurgoyfs" ("id" INTEGER PRIMARY KEY AUTOINCREMENT NOT NULL, "name" varchar(255), "description" varchar(255), "power" integer, "toughness" integer, "created_at" datetime, "updated_at" datetime) [0m
  [4;36;1mSQL (0.001032)[0m   [0;1mselect sqlite_version(*)[0m
  [4;35;1mSQL (0.000562)[0m   [0m SELECT name
 FROM sqlite_master
 WHERE type = 'table' AND NOT name = 'sqlite_sequence'
[0m
  [4;36;1mSQL (0.000785)[0m   [0;1mCREATE TABLE "lhurgoyfs" ("id" INTEGER PRIMARY KEY AUTOINCREMENT NOT NULL, "name" varchar(255), "description" varchar(255), "power" integer, "toughness" integer, "created_at" datetime, "updated_at" datetime) [0m
  [4;36;1mSQL (0.001044)[0m   [0;1mselect sqlite_version(*)[0m
  [4;35;1mSQL (0.000561)[0m   [0m SELECT name
 FROM sqlite_master
 WHERE type = 'table' AND NOT name = 'sqlite_sequence'
[0m
  [4;36;1mSQL (0.000786)[0m   [0;1mCREATE TABLE "lhurgoyfs" ("id" INTEGER PRIMARY KEY AUTOINCREMENT NOT NULL, "name" varchar(255), "description" varchar(255), "power" integer, "toughness" integer, "created_at" datetime, "updated_at" datetime) [0m
  [4;36;1mSQL (0.001071)[0m   [0;1mselect sqlite_version(*)[0m
  [4;35;1mSQL (0.000558)[0m   [0m SELECT name
 FROM sqlite_master
 WHERE type = 'table' AND NOT name = 'sqlite_sequence'
[0m
  [4;36;1mSQL (0.000787)[0m   [0;1mCREATE TABLE "lhurgoyfs" ("id" INTEGER PRIMARY KEY AUTOINCREMENT NOT NULL, "name" varchar(255), "description" varchar(255), "power" integer, "toughness" integer, "created_at" datetime, "updated_at" datetime) [0m
  [4;36;1mSQL (0.001021)[0m   [0;1mselect sqlite_version(*)[0m
  [4;35;1mSQL (0.000561)[0m   [0m SELECT name
 FROM sqlite_master
 WHERE type = 'table' AND NOT name = 'sqlite_sequence'
[0m
  [4;36;1mSQL (0.000794)[0m   [0;1mCREATE TABLE "lhurgoyfs" ("id" INTEGER PRIMARY KEY AUTOINCREMENT NOT NULL, "name" varchar(255), "description" varchar(255), "power" integer, "toughness" integer, "created_at" datetime, "updated_at" datetime) [0m
  [4;36;1mSQL (0.001028)[0m   [0;1mselect sqlite_version(*)[0m
  [4;35;1mSQL (0.000610)[0m   [0m SELECT name
 FROM sqlite_master
 WHERE type = 'table' AND NOT name = 'sqlite_sequence'
[0m
  [4;36;1mSQL (0.000784)[0m   [0;1mCREATE TABLE "lhurgoyfs" ("id" INTEGER PRIMARY KEY AUTOINCREMENT NOT NULL, "name" varchar(255), "description" varchar(255), "power" integer, "toughness" integer, "created_at" datetime, "updated_at" datetime) [0m
  [4;36;1mSQL (0.001043)[0m   [0;1mselect sqlite_version(*)[0m
  [4;35;1mSQL (0.000608)[0m   [0m SELECT name
 FROM sqlite_master
 WHERE type = 'table' AND NOT name = 'sqlite_sequence'
[0m
  [4;36;1mSQL (0.000825)[0m   [0;1mCREATE TABLE "lhurgoyfs" ("id" INTEGER PRIMARY KEY AUTOINCREMENT NOT NULL, "name" varchar(255), "description" varchar(255), "power" integer, "toughness" integer, "created_at" datetime, "updated_at" datetime) [0m
  [4;36;1mSQL (0.001116)[0m   [0;1mselect sqlite_version(*)[0m
  [4;35;1mSQL (0.000571)[0m   [0m SELECT name
 FROM sqlite_master
 WHERE type = 'table' AND NOT name = 'sqlite_sequence'
[0m
  [4;36;1mSQL (0.000804)[0m   [0;1mCREATE TABLE "lhurgoyfs" ("id" INTEGER PRIMARY KEY AUTOINCREMENT NOT NULL, "name" varchar(255), "description" varchar(255), "power" integer, "toughness" integer, "created_at" datetime, "updated_at" datetime) [0m
  [4;36;1mSQL (0.001029)[0m   [0;1mselect sqlite_version(*)[0m
  [4;35;1mSQL (0.000562)[0m   [0m SELECT name
 FROM sqlite_master
 WHERE type = 'table' AND NOT name = 'sqlite_sequence'
[0m
  [4;36;1mSQL (0.000844)[0m   [0;1mCREATE TABLE "lhurgoyfs" ("id" INTEGER PRIMARY KEY AUTOINCREMENT NOT NULL, "name" varchar(255), "description" varchar(255), "power" integer, "toughness" integer, "created_at" datetime, "updated_at" datetime) [0m
  [4;36;1mSQL (0.001027)[0m   [0;1mselect sqlite_version(*)[0m
  [4;35;1mSQL (0.000561)[0m   [0m SELECT name
 FROM sqlite_master
 WHERE type = 'table' AND NOT name = 'sqlite_sequence'
[0m
  [4;36;1mSQL (0.000798)[0m   [0;1mCREATE TABLE "lhurgoyfs" ("id" INTEGER PRIMARY KEY AUTOINCREMENT NOT NULL, "name" varchar(255), "description" varchar(255), "power" integer, "toughness" integer, "created_at" datetime, "updated_at" datetime) [0m
  [4;36;1mSQL (0.001039)[0m   [0;1mselect sqlite_version(*)[0m
  [4;35;1mSQL (0.000566)[0m   [0m SELECT name
 FROM sqlite_master
 WHERE type = 'table' AND NOT name = 'sqlite_sequence'
[0m
  [4;36;1mSQL (0.000786)[0m   [0;1mCREATE TABLE "lhurgoyfs" ("id" INTEGER PRIMARY KEY AUTOINCREMENT NOT NULL, "name" varchar(255), "description" varchar(255), "power" integer, "toughness" integer, "created_at" datetime, "updated_at" datetime) [0m
  [4;36;1mSQL (0.001023)[0m   [0;1mselect sqlite_version(*)[0m
  [4;35;1mSQL (0.000592)[0m   [0m SELECT name
 FROM sqlite_master
 WHERE type = 'table' AND NOT name = 'sqlite_sequence'
[0m
  [4;36;1mSQL (0.000793)[0m   [0;1mCREATE TABLE "lhurgoyfs" ("id" INTEGER PRIMARY KEY AUTOINCREMENT NOT NULL, "name" varchar(255), "description" varchar(255), "power" integer, "toughness" integer, "created_at" datetime, "updated_at" datetime) [0m
  [4;36;1mSQL (0.001043)[0m   [0;1mselect sqlite_version(*)[0m
  [4;35;1mSQL (0.000596)[0m   [0m SELECT name
 FROM sqlite_master
 WHERE type = 'table' AND NOT name = 'sqlite_sequence'
[0m
  [4;36;1mSQL (0.000823)[0m   [0;1mCREATE TABLE "lhurgoyfs" ("id" INTEGER PRIMARY KEY AUTOINCREMENT NOT NULL, "name" varchar(255), "description" varchar(255), "power" integer, "toughness" integer, "created_at" datetime, "updated_at" datetime) [0m
  [4;35;1mSQL (0.000447)[0m   [0m SELECT name
 FROM sqlite_master
 WHERE type = 'table' AND NOT name = 'sqlite_sequence'
[0m
  [4;36;1mSQL (0.001043)[0m   [0;1mselect sqlite_version(*)[0m
  [4;35;1mSQL (0.000563)[0m   [0m SELECT name
 FROM sqlite_master
 WHERE type = 'table' AND NOT name = 'sqlite_sequence'
[0m
  [4;36;1mSQL (0.000787)[0m   [0;1mCREATE TABLE "lhurgoyfs" ("id" INTEGER PRIMARY KEY AUTOINCREMENT NOT NULL, "name" varchar(255), "description" varchar(255), "power" integer, "toughness" integer, "created_at" datetime, "updated_at" datetime) [0m
  [4;35;1mSQL (0.000487)[0m   [0m SELECT name
 FROM sqlite_master
 WHERE type = 'table' AND NOT name = 'sqlite_sequence'
[0m
  [4;36;1mSQL (0.001061)[0m   [0;1mselect sqlite_version(*)[0m
  [4;35;1mSQL (0.000566)[0m   [0m SELECT name
 FROM sqlite_master
 WHERE type = 'table' AND NOT name = 'sqlite_sequence'
[0m
  [4;36;1mSQL (0.000868)[0m   [0;1mCREATE TABLE "lhurgoyfs" ("id" INTEGER PRIMARY KEY AUTOINCREMENT NOT NULL, "name" varchar(255), "description" varchar(255), "power" integer, "toughness" integer, "created_at" datetime, "updated_at" datetime) [0m
  [4;36;1mSQL (0.001028)[0m   [0;1mselect sqlite_version(*)[0m
  [4;35;1mSQL (0.000577)[0m   [0m SELECT name
 FROM sqlite_master
 WHERE type = 'table' AND NOT name = 'sqlite_sequence'
[0m
  [4;36;1mSQL (0.000851)[0m   [0;1mCREATE TABLE "lhurgoyfs" ("id" INTEGER PRIMARY KEY AUTOINCREMENT NOT NULL, "name" varchar(255), "description" varchar(255), "power" integer, "toughness" integer, "created_at" datetime, "updated_at" datetime) [0m
  [4;35;1mSQL (0.000469)[0m   [0m SELECT name
 FROM sqlite_master
 WHERE type = 'table' AND NOT name = 'sqlite_sequence'
[0m
  [4;36;1mSQL (0.001029)[0m   [0;1mselect sqlite_version(*)[0m
  [4;35;1mSQL (0.000566)[0m   [0m SELECT name
 FROM sqlite_master
 WHERE type = 'table' AND NOT name = 'sqlite_sequence'
[0m
  [4;36;1mSQL (0.000787)[0m   [0;1mCREATE TABLE "lhurgoyfs" ("id" INTEGER PRIMARY KEY AUTOINCREMENT NOT NULL, "name" varchar(255), "description" varchar(255), "power" integer, "toughness" integer, "created_at" datetime, "updated_at" datetime) [0m
  [4;36;1mSQL (0.001038)[0m   [0;1mselect sqlite_version(*)[0m
  [4;35;1mSQL (0.000578)[0m   [0m SELECT name
 FROM sqlite_master
 WHERE type = 'table' AND NOT name = 'sqlite_sequence'
[0m
  [4;36;1mSQL (0.000787)[0m   [0;1mCREATE TABLE "lhurgoyfs" ("id" INTEGER PRIMARY KEY AUTOINCREMENT NOT NULL, "name" varchar(255), "description" varchar(255), "power" integer, "toughness" integer, "created_at" datetime, "updated_at" datetime) [0m
  [4;36;1mSQL (0.001076)[0m   [0;1mselect sqlite_version(*)[0m
  [4;35;1mSQL (0.000588)[0m   [0m SELECT name
 FROM sqlite_master
 WHERE type = 'table' AND NOT name = 'sqlite_sequence'
[0m
  [4;36;1mSQL (0.000799)[0m   [0;1mCREATE TABLE "lhurgoyfs" ("id" INTEGER PRIMARY KEY AUTOINCREMENT NOT NULL, "name" varchar(255), "description" varchar(255), "power" integer, "toughness" integer, "created_at" datetime, "updated_at" datetime) [0m
  [4;36;1mSQL (0.001022)[0m   [0;1mselect sqlite_version(*)[0m
  [4;35;1mSQL (0.000564)[0m   [0m SELECT name
 FROM sqlite_master
 WHERE type = 'table' AND NOT name = 'sqlite_sequence'
[0m
  [4;36;1mSQL (0.000785)[0m   [0;1mCREATE TABLE "lhurgoyfs" ("id" INTEGER PRIMARY KEY AUTOINCREMENT NOT NULL, "name" varchar(255), "description" varchar(255), "power" integer, "toughness" integer, "created_at" datetime, "updated_at" datetime) [0m
  [4;36;1mSQL (0.001027)[0m   [0;1mselect sqlite_version(*)[0m
  [4;35;1mSQL (0.000567)[0m   [0m SELECT name
 FROM sqlite_master
 WHERE type = 'table' AND NOT name = 'sqlite_sequence'
[0m
  [4;36;1mSQL (0.000785)[0m   [0;1mCREATE TABLE "lhurgoyfs" ("id" INTEGER PRIMARY KEY AUTOINCREMENT NOT NULL, "name" varchar(255), "description" varchar(255), "power" integer, "toughness" integer, "created_at" datetime, "updated_at" datetime) [0m
  [4;36;1mSQL (0.001024)[0m   [0;1mselect sqlite_version(*)[0m
  [4;35;1mSQL (0.000573)[0m   [0m SELECT name
 FROM sqlite_master
 WHERE type = 'table' AND NOT name = 'sqlite_sequence'
[0m
  [4;36;1mSQL (0.000801)[0m   [0;1mCREATE TABLE "lhurgoyfs" ("id" INTEGER PRIMARY KEY AUTOINCREMENT NOT NULL, "name" varchar(255), "description" varchar(255), "power" integer, "toughness" integer, "created_at" datetime, "updated_at" datetime) [0m
  [4;36;1mSQL (0.001045)[0m   [0;1mselect sqlite_version(*)[0m
  [4;35;1mSQL (0.000563)[0m   [0m SELECT name
 FROM sqlite_master
 WHERE type = 'table' AND NOT name = 'sqlite_sequence'
[0m
  [4;36;1mSQL (0.000786)[0m   [0;1mCREATE TABLE "lhurgoyfs" ("id" INTEGER PRIMARY KEY AUTOINCREMENT NOT NULL, "name" varchar(255), "description" varchar(255), "power" integer, "toughness" integer, "created_at" datetime, "updated_at" datetime) [0m
  [4;36;1mSQL (0.001055)[0m   [0;1mselect sqlite_version(*)[0m
  [4;35;1mSQL (0.000568)[0m   [0m SELECT name
 FROM sqlite_master
 WHERE type = 'table' AND NOT name = 'sqlite_sequence'
[0m
  [4;36;1mSQL (0.000786)[0m   [0;1mCREATE TABLE "lhurgoyfs" ("id" INTEGER PRIMARY KEY AUTOINCREMENT NOT NULL, "name" varchar(255), "description" varchar(255), "power" integer, "toughness" integer, "created_at" datetime, "updated_at" datetime) [0m
  [4;35;1mSQL (0.000372)[0m   [0m SELECT name
 FROM sqlite_master
 WHERE type = 'table' AND NOT name = 'sqlite_sequence'
[0m
  [4;36;1mSQL (0.000282)[0m   [0;1mCREATE TABLE "sharp_claws" ("id" INTEGER PRIMARY KEY AUTOINCREMENT NOT NULL, "lhurgoyf_id" integer, "length" integer, "sharpness" integer, "notes" text, "created_at" datetime, "updated_at" datetime) [0m
  [4;36;1mSQL (0.001115)[0m   [0;1mselect sqlite_version(*)[0m
  [4;35;1mSQL (0.000584)[0m   [0m SELECT name
 FROM sqlite_master
 WHERE type = 'table' AND NOT name = 'sqlite_sequence'
[0m
  [4;36;1mSQL (0.000816)[0m   [0;1mCREATE TABLE "lhurgoyfs" ("id" INTEGER PRIMARY KEY AUTOINCREMENT NOT NULL, "name" varchar(255), "description" varchar(255), "power" integer, "toughness" integer, "created_at" datetime, "updated_at" datetime) [0m
  [4;35;1mSQL (0.000379)[0m   [0m SELECT name
 FROM sqlite_master
 WHERE type = 'table' AND NOT name = 'sqlite_sequence'
[0m
  [4;36;1mSQL (0.000282)[0m   [0;1mCREATE TABLE "sharp_claws" ("id" INTEGER PRIMARY KEY AUTOINCREMENT NOT NULL, "lhurgoyf_id" integer, "length" integer, "sharpness" integer, "notes" text, "created_at" datetime, "updated_at" datetime) [0m
  [4;36;1mSQL (0.001046)[0m   [0;1mselect sqlite_version(*)[0m
  [4;35;1mSQL (0.000562)[0m   [0m SELECT name
 FROM sqlite_master
 WHERE type = 'table' AND NOT name = 'sqlite_sequence'
[0m
  [4;36;1mSQL (0.000806)[0m   [0;1mCREATE TABLE "lhurgoyfs" ("id" INTEGER PRIMARY KEY AUTOINCREMENT NOT NULL, "name" varchar(255), "description" varchar(255), "power" integer, "toughness" integer, "created_at" datetime, "updated_at" datetime) [0m
  [4;35;1mSQL (0.000375)[0m   [0m SELECT name
 FROM sqlite_master
 WHERE type = 'table' AND NOT name = 'sqlite_sequence'
[0m
  [4;36;1mSQL (0.000283)[0m   [0;1mCREATE TABLE "sharp_claws" ("id" INTEGER PRIMARY KEY AUTOINCREMENT NOT NULL, "lhurgoyf_id" integer, "length" integer, "sharpness" integer, "notes" text, "created_at" datetime, "updated_at" datetime) [0m
  [4;36;1mSQL (0.001129)[0m   [0;1mselect sqlite_version(*)[0m
  [4;35;1mSQL (0.000566)[0m   [0m SELECT name
 FROM sqlite_master
 WHERE type = 'table' AND NOT name = 'sqlite_sequence'
[0m
  [4;36;1mSQL (0.000794)[0m   [0;1mCREATE TABLE "lhurgoyfs" ("id" INTEGER PRIMARY KEY AUTOINCREMENT NOT NULL, "name" varchar(255), "description" varchar(255), "power" integer, "toughness" integer, "created_at" datetime, "updated_at" datetime) [0m
  [4;35;1mSQL (0.000376)[0m   [0m SELECT name
 FROM sqlite_master
 WHERE type = 'table' AND NOT name = 'sqlite_sequence'
[0m
  [4;36;1mSQL (0.000283)[0m   [0;1mCREATE TABLE "sharp_claws" ("id" INTEGER PRIMARY KEY AUTOINCREMENT NOT NULL, "lhurgoyf_id" integer, "length" integer, "sharpness" integer, "notes" text, "created_at" datetime, "updated_at" datetime) [0m
  [4;36;1mSQL (0.001055)[0m   [0;1mselect sqlite_version(*)[0m
  [4;35;1mSQL (0.000562)[0m   [0m SELECT name
 FROM sqlite_master
 WHERE type = 'table' AND NOT name = 'sqlite_sequence'
[0m
  [4;36;1mSQL (0.000794)[0m   [0;1mCREATE TABLE "lhurgoyfs" ("id" INTEGER PRIMARY KEY AUTOINCREMENT NOT NULL, "name" varchar(255), "description" varchar(255), "power" integer, "toughness" integer, "created_at" datetime, "updated_at" datetime) [0m
  [4;35;1mSQL (0.000376)[0m   [0m SELECT name
 FROM sqlite_master
 WHERE type = 'table' AND NOT name = 'sqlite_sequence'
[0m
  [4;36;1mSQL (0.000285)[0m   [0;1mCREATE TABLE "sharp_claws" ("id" INTEGER PRIMARY KEY AUTOINCREMENT NOT NULL, "lhurgoyf_id" integer, "length" integer, "sharpness" integer, "notes" text, "created_at" datetime, "updated_at" datetime) [0m
  [4;36;1mSQL (0.001025)[0m   [0;1mselect sqlite_version(*)[0m
  [4;35;1mSQL (0.000569)[0m   [0m SELECT name
 FROM sqlite_master
 WHERE type = 'table' AND NOT name = 'sqlite_sequence'
[0m
  [4;36;1mSQL (0.000791)[0m   [0;1mCREATE TABLE "lhurgoyfs" ("id" INTEGER PRIMARY KEY AUTOINCREMENT NOT NULL, "name" varchar(255), "description" varchar(255), "power" integer, "toughness" integer, "created_at" datetime, "updated_at" datetime) [0m
  [4;35;1mSQL (0.000379)[0m   [0m SELECT name
 FROM sqlite_master
 WHERE type = 'table' AND NOT name = 'sqlite_sequence'
[0m
  [4;36;1mSQL (0.000285)[0m   [0;1mCREATE TABLE "sharp_claws" ("id" INTEGER PRIMARY KEY AUTOINCREMENT NOT NULL, "lhurgoyf_id" integer, "length" integer, "sharpness" integer, "notes" text, "created_at" datetime, "updated_at" datetime) [0m
  [4;36;1mSQL (0.001037)[0m   [0;1mselect sqlite_version(*)[0m
  [4;35;1mSQL (0.000563)[0m   [0m SELECT name
 FROM sqlite_master
 WHERE type = 'table' AND NOT name = 'sqlite_sequence'
[0m
  [4;36;1mSQL (0.000782)[0m   [0;1mCREATE TABLE "lhurgoyfs" ("id" INTEGER PRIMARY KEY AUTOINCREMENT NOT NULL, "name" varchar(255), "description" varchar(255), "power" integer, "toughness" integer, "created_at" datetime, "updated_at" datetime) [0m
  [4;35;1mSQL (0.000369)[0m   [0m SELECT name
 FROM sqlite_master
 WHERE type = 'table' AND NOT name = 'sqlite_sequence'
[0m
  [4;36;1mSQL (0.000282)[0m   [0;1mCREATE TABLE "sharp_claws" ("id" INTEGER PRIMARY KEY AUTOINCREMENT NOT NULL, "lhurgoyf_id" integer, "length" integer, "sharpness" integer, "notes" text, "created_at" datetime, "updated_at" datetime) [0m
  [4;36;1mSQL (0.001032)[0m   [0;1mselect sqlite_version(*)[0m
  [4;35;1mSQL (0.000561)[0m   [0m SELECT name
 FROM sqlite_master
 WHERE type = 'table' AND NOT name = 'sqlite_sequence'
[0m
  [4;36;1mSQL (0.000813)[0m   [0;1mCREATE TABLE "lhurgoyfs" ("id" INTEGER PRIMARY KEY AUTOINCREMENT NOT NULL, "name" varchar(255), "description" varchar(255), "power" integer, "toughness" integer, "created_at" datetime, "updated_at" datetime) [0m
  [4;35;1mSQL (0.000426)[0m   [0m SELECT name
 FROM sqlite_master
 WHERE type = 'table' AND NOT name = 'sqlite_sequence'
[0m
  [4;36;1mSQL (0.000343)[0m   [0;1mCREATE TABLE "sharp_claws" ("id" INTEGER PRIMARY KEY AUTOINCREMENT NOT NULL, "lhurgoyf_id" integer, "length" integer, "sharpness" integer, "notes" text, "created_at" datetime, "updated_at" datetime) [0m
  [4;36;1mSQL (0.001035)[0m   [0;1mselect sqlite_version(*)[0m
  [4;35;1mSQL (0.000573)[0m   [0m SELECT name
 FROM sqlite_master
 WHERE type = 'table' AND NOT name = 'sqlite_sequence'
[0m
  [4;36;1mSQL (0.000834)[0m   [0;1mCREATE TABLE "lhurgoyfs" ("id" INTEGER PRIMARY KEY AUTOINCREMENT NOT NULL, "name" varchar(255), "description" varchar(255), "power" integer, "toughness" integer, "created_at" datetime, "updated_at" datetime) [0m
  [4;35;1mSQL (0.000380)[0m   [0m SELECT name
 FROM sqlite_master
 WHERE type = 'table' AND NOT name = 'sqlite_sequence'
[0m
  [4;36;1mSQL (0.000287)[0m   [0;1mCREATE TABLE "sharp_claws" ("id" INTEGER PRIMARY KEY AUTOINCREMENT NOT NULL, "lhurgoyf_id" integer, "length" integer, "sharpness" integer, "notes" text, "created_at" datetime, "updated_at" datetime) [0m
  [4;36;1mSQL (0.001036)[0m   [0;1mselect sqlite_version(*)[0m
  [4;35;1mSQL (0.000561)[0m   [0m SELECT name
 FROM sqlite_master
 WHERE type = 'table' AND NOT name = 'sqlite_sequence'
[0m
  [4;36;1mSQL (0.000786)[0m   [0;1mCREATE TABLE "lhurgoyfs" ("id" INTEGER PRIMARY KEY AUTOINCREMENT NOT NULL, "name" varchar(255), "description" varchar(255), "power" integer, "toughness" integer, "created_at" datetime, "updated_at" datetime) [0m
  [4;35;1mSQL (0.000406)[0m   [0m SELECT name
 FROM sqlite_master
 WHERE type = 'table' AND NOT name = 'sqlite_sequence'
[0m
  [4;36;1mSQL (0.000290)[0m   [0;1mCREATE TABLE "sharp_claws" ("id" INTEGER PRIMARY KEY AUTOINCREMENT NOT NULL, "lhurgoyf_id" integer, "length" integer, "sharpness" integer, "notes" text, "created_at" datetime, "updated_at" datetime) [0m
  [4;36;1mSQL (0.001087)[0m   [0;1mselect sqlite_version(*)[0m
  [4;35;1mSQL (0.000692)[0m   [0m SELECT name
 FROM sqlite_master
 WHERE type = 'table' AND NOT name = 'sqlite_sequence'
[0m
  [4;36;1mSQL (0.000791)[0m   [0;1mCREATE TABLE "lhurgoyfs" ("id" INTEGER PRIMARY KEY AUTOINCREMENT NOT NULL, "name" varchar(255), "description" varchar(255), "power" integer, "toughness" integer, "created_at" datetime, "updated_at" datetime) [0m
  [4;35;1mSQL (0.000431)[0m   [0m SELECT name
 FROM sqlite_master
 WHERE type = 'table' AND NOT name = 'sqlite_sequence'
[0m
  [4;36;1mSQL (0.000285)[0m   [0;1mCREATE TABLE "sharp_claws" ("id" INTEGER PRIMARY KEY AUTOINCREMENT NOT NULL, "lhurgoyf_id" integer, "length" integer, "sharpness" integer, "notes" text, "created_at" datetime, "updated_at" datetime) [0m
  [4;36;1mSQL (0.001081)[0m   [0;1mselect sqlite_version(*)[0m
  [4;35;1mSQL (0.000632)[0m   [0m SELECT name
 FROM sqlite_master
 WHERE type = 'table' AND NOT name = 'sqlite_sequence'
[0m
  [4;36;1mSQL (0.000787)[0m   [0;1mCREATE TABLE "lhurgoyfs" ("id" INTEGER PRIMARY KEY AUTOINCREMENT NOT NULL, "name" varchar(255), "description" varchar(255), "power" integer, "toughness" integer, "created_at" datetime, "updated_at" datetime) [0m
  [4;35;1mSQL (0.000386)[0m   [0m SELECT name
 FROM sqlite_master
 WHERE type = 'table' AND NOT name = 'sqlite_sequence'
[0m
  [4;36;1mSQL (0.000284)[0m   [0;1mCREATE TABLE "sharp_claws" ("id" INTEGER PRIMARY KEY AUTOINCREMENT NOT NULL, "lhurgoyf_id" integer, "length" integer, "sharpness" integer, "notes" text, "created_at" datetime, "updated_at" datetime) [0m
  [4;36;1mSQL (0.001025)[0m   [0;1mselect sqlite_version(*)[0m
  [4;35;1mSQL (0.000570)[0m   [0m SELECT name
 FROM sqlite_master
 WHERE type = 'table' AND NOT name = 'sqlite_sequence'
[0m
  [4;36;1mSQL (0.000789)[0m   [0;1mCREATE TABLE "lhurgoyfs" ("id" INTEGER PRIMARY KEY AUTOINCREMENT NOT NULL, "name" varchar(255), "description" varchar(255), "power" integer, "toughness" integer, "created_at" datetime, "updated_at" datetime) [0m
  [4;35;1mSQL (0.000378)[0m   [0m SELECT name
 FROM sqlite_master
 WHERE type = 'table' AND NOT name = 'sqlite_sequence'
[0m
  [4;36;1mSQL (0.000291)[0m   [0;1mCREATE TABLE "sharp_claws" ("id" INTEGER PRIMARY KEY AUTOINCREMENT NOT NULL, "lhurgoyf_id" integer, "length" integer, "sharpness" integer, "notes" text, "created_at" datetime, "updated_at" datetime) [0m
  [4;36;1mSQL (0.001148)[0m   [0;1mselect sqlite_version(*)[0m
  [4;35;1mSQL (0.000674)[0m   [0m SELECT name
 FROM sqlite_master
 WHERE type = 'table' AND NOT name = 'sqlite_sequence'
[0m
  [4;36;1mSQL (0.000896)[0m   [0;1mCREATE TABLE "lhurgoyfs" ("id" INTEGER PRIMARY KEY AUTOINCREMENT NOT NULL, "name" varchar(255), "description" varchar(255), "power" integer, "toughness" integer, "created_at" datetime, "updated_at" datetime) [0m
  [4;35;1mSQL (0.000399)[0m   [0m SELECT name
 FROM sqlite_master
 WHERE type = 'table' AND NOT name = 'sqlite_sequence'
[0m
  [4;36;1mSQL (0.000290)[0m   [0;1mCREATE TABLE "sharp_claws" ("id" INTEGER PRIMARY KEY AUTOINCREMENT NOT NULL, "lhurgoyf_id" integer, "length" integer, "sharpness" integer, "notes" text, "created_at" datetime, "updated_at" datetime) [0m
  [4;35;1mLhurgoyf Create (0.000308)[0m   [0mINSERT INTO "lhurgoyfs" ("name", "toughness", "created_at", "updated_at", "power", "description") VALUES(NULL, NULL, '2008-11-17 12:50:33', '2008-11-17 12:50:33', NULL, NULL)[0m
  [4;36;1mSharpClaw Create (0.000274)[0m   [0;1mINSERT INTO "sharp_claws" ("lhurgoyf_id", "sharpness", "created_at", "notes", "updated_at", "length") VALUES(1, 3, '2008-11-17 12:50:33', 'Somewhat dangerous', '2008-11-17 12:50:33', 8)[0m
  [4;35;1mSharpClaw Load (0.000772)[0m   [0mSELECT * FROM "sharp_claws" WHERE ("sharp_claws".lhurgoyf_id = 1) [0m
  [4;36;1mSQL (0.001065)[0m   [0;1mselect sqlite_version(*)[0m
  [4;35;1mSQL (0.000570)[0m   [0m SELECT name
 FROM sqlite_master
 WHERE type = 'table' AND NOT name = 'sqlite_sequence'
[0m
  [4;36;1mSQL (0.000799)[0m   [0;1mCREATE TABLE "lhurgoyfs" ("id" INTEGER PRIMARY KEY AUTOINCREMENT NOT NULL, "name" varchar(255), "description" varchar(255), "power" integer, "toughness" integer, "created_at" datetime, "updated_at" datetime) [0m
  [4;35;1mSQL (0.000389)[0m   [0m SELECT name
 FROM sqlite_master
 WHERE type = 'table' AND NOT name = 'sqlite_sequence'
[0m
  [4;36;1mSQL (0.000286)[0m   [0;1mCREATE TABLE "sharp_claws" ("id" INTEGER PRIMARY KEY AUTOINCREMENT NOT NULL, "lhurgoyf_id" integer, "length" integer, "sharpness" integer, "notes" text, "created_at" datetime, "updated_at" datetime) [0m
  [4;35;1mLhurgoyf Create (0.000304)[0m   [0mINSERT INTO "lhurgoyfs" ("name", "toughness", "created_at", "updated_at", "power", "description") VALUES(NULL, NULL, '2008-11-17 12:52:37', '2008-11-17 12:52:37', NULL, NULL)[0m
  [4;36;1mSharpClaw Create (0.000271)[0m   [0;1mINSERT INTO "sharp_claws" ("lhurgoyf_id", "sharpness", "created_at", "notes", "updated_at", "length") VALUES(1, 3, '2008-11-17 12:52:37', 'Somewhat dangerous', '2008-11-17 12:52:37', 8)[0m
  [4;35;1mSharpClaw Load (0.000744)[0m   [0mSELECT * FROM "sharp_claws" WHERE ("sharp_claws".lhurgoyf_id = 1) [0m
  [4;36;1mSQL (0.001036)[0m   [0;1mselect sqlite_version(*)[0m
  [4;35;1mSQL (0.000676)[0m   [0m SELECT name
 FROM sqlite_master
 WHERE type = 'table' AND NOT name = 'sqlite_sequence'
[0m
  [4;36;1mSQL (0.000831)[0m   [0;1mCREATE TABLE "lhurgoyfs" ("id" INTEGER PRIMARY KEY AUTOINCREMENT NOT NULL, "name" varchar(255), "description" varchar(255), "power" integer, "toughness" integer, "created_at" datetime, "updated_at" datetime) [0m
  [4;35;1mSQL (0.000388)[0m   [0m SELECT name
 FROM sqlite_master
 WHERE type = 'table' AND NOT name = 'sqlite_sequence'
[0m
  [4;36;1mSQL (0.000284)[0m   [0;1mCREATE TABLE "sharp_claws" ("id" INTEGER PRIMARY KEY AUTOINCREMENT NOT NULL, "lhurgoyf_id" integer, "length" integer, "sharpness" integer, "notes" text, "created_at" datetime, "updated_at" datetime) [0m
  [4;35;1mLhurgoyf Create (0.000378)[0m   [0mINSERT INTO "lhurgoyfs" ("name", "toughness", "created_at", "updated_at", "power", "description") VALUES(NULL, NULL, '2008-11-17 12:52:57', '2008-11-17 12:52:57', NULL, NULL)[0m
  [4;36;1mSharpClaw Create (0.000260)[0m   [0;1mINSERT INTO "sharp_claws" ("lhurgoyf_id", "sharpness", "created_at", "notes", "updated_at", "length") VALUES(1, 3, '2008-11-17 12:52:57', 'Somewhat dangerous', '2008-11-17 12:52:57', 8)[0m
  [4;35;1mSharpClaw Load (0.000732)[0m   [0mSELECT * FROM "sharp_claws" WHERE ("sharp_claws".lhurgoyf_id = 1) [0m
  [4;36;1mSQL (0.001028)[0m   [0;1mselect sqlite_version(*)[0m
  [4;35;1mSQL (0.000564)[0m   [0m SELECT name
 FROM sqlite_master
 WHERE type = 'table' AND NOT name = 'sqlite_sequence'
[0m
  [4;36;1mSQL (0.000794)[0m   [0;1mCREATE TABLE "lhurgoyfs" ("id" INTEGER PRIMARY KEY AUTOINCREMENT NOT NULL, "name" varchar(255), "description" varchar(255), "power" integer, "toughness" integer, "created_at" datetime, "updated_at" datetime) [0m
  [4;35;1mSQL (0.000373)[0m   [0m SELECT name
 FROM sqlite_master
 WHERE type = 'table' AND NOT name = 'sqlite_sequence'
[0m
  [4;36;1mSQL (0.000345)[0m   [0;1mCREATE TABLE "sharp_claws" ("id" INTEGER PRIMARY KEY AUTOINCREMENT NOT NULL, "lhurgoyf_id" integer, "length" integer, "sharpness" integer, "notes" text, "created_at" datetime, "updated_at" datetime) [0m
  [4;35;1mLhurgoyf Create (0.000296)[0m   [0mINSERT INTO "lhurgoyfs" ("name", "toughness", "created_at", "updated_at", "power", "description") VALUES(NULL, NULL, '2008-11-17 12:53:35', '2008-11-17 12:53:35', NULL, NULL)[0m
  [4;36;1mSharpClaw Create (0.000246)[0m   [0;1mINSERT INTO "sharp_claws" ("lhurgoyf_id", "sharpness", "created_at", "notes", "updated_at", "length") VALUES(1, 3, '2008-11-17 12:53:35', 'Somewhat dangerous', '2008-11-17 12:53:35', 8)[0m
  [4;35;1mSharpClaw Load (0.000727)[0m   [0mSELECT * FROM "sharp_claws" WHERE ("sharp_claws".lhurgoyf_id = 1) [0m
  [4;36;1mSQL (0.001066)[0m   [0;1mselect sqlite_version(*)[0m
  [4;35;1mSQL (0.000572)[0m   [0m SELECT name
 FROM sqlite_master
 WHERE type = 'table' AND NOT name = 'sqlite_sequence'
[0m
  [4;36;1mSQL (0.000855)[0m   [0;1mCREATE TABLE "lhurgoyfs" ("id" INTEGER PRIMARY KEY AUTOINCREMENT NOT NULL, "name" varchar(255), "description" varchar(255), "power" integer, "toughness" integer, "created_at" datetime, "updated_at" datetime) [0m
  [4;35;1mSQL (0.000387)[0m   [0m SELECT name
 FROM sqlite_master
 WHERE type = 'table' AND NOT name = 'sqlite_sequence'
[0m
  [4;36;1mSQL (0.000283)[0m   [0;1mCREATE TABLE "sharp_claws" ("id" INTEGER PRIMARY KEY AUTOINCREMENT NOT NULL, "lhurgoyf_id" integer, "length" integer, "sharpness" integer, "notes" text, "created_at" datetime, "updated_at" datetime) [0m
  [4;35;1mLhurgoyf Create (0.000316)[0m   [0mINSERT INTO "lhurgoyfs" ("name", "toughness", "created_at", "updated_at", "power", "description") VALUES(NULL, NULL, '2008-11-17 12:55:04', '2008-11-17 12:55:04', NULL, NULL)[0m
  [4;36;1mSharpClaw Create (0.000264)[0m   [0;1mINSERT INTO "sharp_claws" ("lhurgoyf_id", "sharpness", "created_at", "notes", "updated_at", "length") VALUES(1, 3, '2008-11-17 12:55:04', 'Somewhat dangerous', '2008-11-17 12:55:04', 8)[0m
  [4;35;1mSharpClaw Load (0.000736)[0m   [0mSELECT * FROM "sharp_claws" WHERE ("sharp_claws".lhurgoyf_id = 1) [0m
  [4;36;1mSQL (0.001031)[0m   [0;1mselect sqlite_version(*)[0m
  [4;35;1mSQL (0.000570)[0m   [0m SELECT name
 FROM sqlite_master
 WHERE type = 'table' AND NOT name = 'sqlite_sequence'
[0m
  [4;36;1mSQL (0.000815)[0m   [0;1mCREATE TABLE "lhurgoyfs" ("id" INTEGER PRIMARY KEY AUTOINCREMENT NOT NULL, "name" varchar(255), "description" varchar(255), "power" integer, "toughness" integer, "created_at" datetime, "updated_at" datetime) [0m
  [4;35;1mSQL (0.000384)[0m   [0m SELECT name
 FROM sqlite_master
 WHERE type = 'table' AND NOT name = 'sqlite_sequence'
[0m
  [4;36;1mSQL (0.000283)[0m   [0;1mCREATE TABLE "sharp_claws" ("id" INTEGER PRIMARY KEY AUTOINCREMENT NOT NULL, "lhurgoyf_id" integer, "length" integer, "sharpness" integer, "notes" text, "created_at" datetime, "updated_at" datetime) [0m
  [4;35;1mLhurgoyf Create (0.000298)[0m   [0mINSERT INTO "lhurgoyfs" ("name", "toughness", "created_at", "updated_at", "power", "description") VALUES(NULL, NULL, '2008-11-17 12:55:29', '2008-11-17 12:55:29', NULL, NULL)[0m
  [4;36;1mSharpClaw Create (0.000251)[0m   [0;1mINSERT INTO "sharp_claws" ("lhurgoyf_id", "sharpness", "created_at", "notes", "updated_at", "length") VALUES(1, 3, '2008-11-17 12:55:29', 'Somewhat dangerous', '2008-11-17 12:55:29', 8)[0m
  [4;35;1mSharpClaw Load (0.000734)[0m   [0mSELECT * FROM "sharp_claws" WHERE ("sharp_claws".lhurgoyf_id = 1) [0m
